<?xml version="1.0" encoding="UTF-8"?>
<!-- Generated by org.testng.reporters.JUnitXMLReporter -->
<testsuite ignored="0" hostname="DELL-C0HKRC2" failures="0" tests="5" name="Default test" time="7.768" errors="0" timestamp="2021-09-13T20:58:58 ART">
  <testcase classname="pruebas.AlertTest" name="verAlerta1" time="1.694"/>
  <testcase classname="pruebas.AlertTest" name="verAlerta2" time="5.34"/>
  <testcase classname="pruebas.AlertTest" name="verAlerta3" time="0.168"/>
  <testcase classname="pruebas.AlertTest" name="verAlerta3Cancelar" time="0.152"/>
  <testcase classname="pruebas.AlertTest" name="verAlerta4" time="0.258"/>
</testsuite> <!-- Default test -->
