<?xml version="1.0" encoding="UTF-8"?>
<!-- Generated by org.testng.reporters.JUnitXMLReporter -->
<testsuite ignored="0" hostname="DELL-C0HKRC2" failures="0" tests="6" name="Test" time="19.765" errors="0" timestamp="2021-09-13T19:57:06 ART">
  <testcase classname="pruebas.Laboratorio4" name="buscarPalabra" time="1.603"/>
  <testcase classname="pruebas.Laboratorio4" name="login" time="4.085"/>
  <testcase classname="pruebas.Laboratorio4" name="login" time="3.211"/>
  <testcase classname="pruebas.Laboratorio4" name="login" time="2.909"/>
  <testcase classname="pruebas.Laboratorio4" name="login" time="3.669"/>
  <testcase classname="pruebas.Laboratorio4" name="login" time="2.861"/>
</testsuite> <!-- Test -->
